<?xml version="1.0" encoding="UTF-8"?>
<testsuites name="jest tests" tests="14" failures="0" errors="0" time="0.787">
  <testsuite name="RealDataLayers" errors="0" failures="0" skipped="0" timestamp="2026-04-10T00:35:51" time="0.346" tests="9">
    <testcase classname="RealDataLayers renders nothing (null) regardless of props" name="RealDataLayers renders nothing (null) regardless of props" time="0.046">
    </testcase>
    <testcase classname="RealDataLayers renders without crashing when map is null" name="RealDataLayers renders without crashing when map is null" time="0.003">
    </testcase>
    <testcase classname="RealDataLayers renders without crashing when countryCode is null" name="RealDataLayers renders without crashing when countryCode is null" time="0.005">
    </testcase>
    <testcase classname="RealDataLayers renders without crashing when visible is false" name="RealDataLayers renders without crashing when visible is false" time="0.001">
    </testcase>
    <testcase classname="RealDataLayers calls onLoadingChange when provided" name="RealDataLayers calls onLoadingChange when provided" time="0.004">
    </testcase>
    <testcase classname="RealDataLayers accepts all optional props without crashing" name="RealDataLayers accepts all optional props without crashing" time="0.003">
    </testcase>
    <testcase classname="RealDataLayers uses externally provided cyclone track data without reloading cyclone files" name="RealDataLayers uses externally provided cyclone track data without reloading cyclone files" time="0.007">
    </testcase>
    <testcase classname="RealDataLayers hides flood layers immediately when inundation toggle is off" name="RealDataLayers hides flood layers immediately when inundation toggle is off" time="0.007">
    </testcase>
    <testcase classname="RealDataLayers hides flood layers immediately when hazard filters only allow cyclone wind layers" name="RealDataLayers hides flood layers immediately when hazard filters only allow cyclone wind layers" time="0.01">
    </testcase>
  </testsuite>
  <testsuite name="MapView Component" errors="0" failures="0" skipped="0" timestamp="2026-04-10T00:35:51" time="0.148" tests="5">
    <testcase classname="MapView Component renders without crashing" name="MapView Component renders without crashing" time="0.011">
    </testcase>
    <testcase classname="MapView Component initializes map container" name="MapView Component initializes map container" time="0.012">
    </testcase>
    <testcase classname="MapView Component handles map initialization errors gracefully" name="MapView Component handles map initialization errors gracefully" time="0.014">
    </testcase>
    <testcase classname="MapView Component cleans up map on unmount" name="MapView Component cleans up map on unmount" time="0.005">
    </testcase>
    <testcase classname="MapView Component keeps the static cyclone track hidden when animated cyclone data is toggled off" name="MapView Component keeps the static cyclone track hidden when animated cyclone data is toggled off" time="0.009">
    </testcase>
  </testsuite>
</testsuites>