<?xml version="1.0" encoding="UTF-8"?>
<testsuites name="jest tests" tests="207" failures="0" errors="0" time="3.866">
  <testsuite name="RealDataLayers" errors="0" failures="0" skipped="0" timestamp="2026-04-09T13:40:25" time="1.069" tests="9">
    <testcase classname="RealDataLayers renders nothing (null) regardless of props" name="RealDataLayers renders nothing (null) regardless of props" time="0.138">
    </testcase>
    <testcase classname="RealDataLayers renders without crashing when map is null" name="RealDataLayers renders without crashing when map is null" time="0.004">
    </testcase>
    <testcase classname="RealDataLayers renders without crashing when countryCode is null" name="RealDataLayers renders without crashing when countryCode is null" time="0.011">
    </testcase>
    <testcase classname="RealDataLayers renders without crashing when visible is false" name="RealDataLayers renders without crashing when visible is false" time="0.005">
    </testcase>
    <testcase classname="RealDataLayers calls onLoadingChange when provided" name="RealDataLayers calls onLoadingChange when provided" time="0.008">
    </testcase>
    <testcase classname="RealDataLayers accepts all optional props without crashing" name="RealDataLayers accepts all optional props without crashing" time="0.017">
    </testcase>
    <testcase classname="RealDataLayers uses externally provided cyclone track data without reloading cyclone files" name="RealDataLayers uses externally provided cyclone track data without reloading cyclone files" time="0.017">
    </testcase>
    <testcase classname="RealDataLayers hides flood layers immediately when inundation toggle is off" name="RealDataLayers hides flood layers immediately when inundation toggle is off" time="0.026">
    </testcase>
    <testcase classname="RealDataLayers hides flood layers immediately when hazard filters only allow cyclone wind layers" name="RealDataLayers hides flood layers immediately when hazard filters only allow cyclone wind layers" time="0.013">
    </testcase>
  </testsuite>
  <testsuite name="ThresholdRow" errors="0" failures="0" skipped="0" timestamp="2026-04-09T13:40:25" time="1.127" tests="13">
    <testcase classname="ThresholdRow Rendering renders with basic props" name="ThresholdRow Rendering renders with basic props" time="0.067">
    </testcase>
    <testcase classname="ThresholdRow Rendering renders color swatch with accessible label" name="ThresholdRow Rendering renders color swatch with accessible label" time="0.074">
    </testcase>
    <testcase classname="ThresholdRow Rendering shows value input when showValue is true" name="ThresholdRow Rendering shows value input when showValue is true" time="0.021">
    </testcase>
    <testcase classname="ThresholdRow Rendering hides value input by default" name="ThresholdRow Rendering hides value input by default" time="0.009">
    </testcase>
    <testcase classname="ThresholdRow Accessibility has accessible labels for inputs" name="ThresholdRow Accessibility has accessible labels for inputs" time="0.02">
    </testcase>
    <testcase classname="ThresholdRow Accessibility disables inputs when readonly" name="ThresholdRow Accessibility disables inputs when readonly" time="0.012">
    </testcase>
    <testcase classname="ThresholdRow Accessibility shows help text for infinite values" name="ThresholdRow Accessibility shows help text for infinite values" time="0.012">
    </testcase>
    <testcase classname="ThresholdRow Interactions calls onChange when label is edited" name="ThresholdRow Interactions calls onChange when label is edited" time="0.014">
    </testcase>
    <testcase classname="ThresholdRow Interactions calls onValueChange when value is edited" name="ThresholdRow Interactions calls onValueChange when value is edited" time="0.024">
    </testcase>
    <testcase classname="ThresholdRow Interactions does not call onChange when readonly" name="ThresholdRow Interactions does not call onChange when readonly" time="0.012">
    </testcase>
    <testcase classname="ThresholdRow Edge Cases handles empty label" name="ThresholdRow Edge Cases handles empty label" time="0.015">
    </testcase>
    <testcase classname="ThresholdRow Edge Cases validates numeric input for value changes" name="ThresholdRow Edge Cases validates numeric input for value changes" time="0.01">
    </testcase>
    <testcase classname="ThresholdRow Edge Cases prevents negative values" name="ThresholdRow Edge Cases prevents negative values" time="0.007">
    </testcase>
  </testsuite>
  <testsuite name="MapView Component" errors="0" failures="0" skipped="0" timestamp="2026-04-09T13:40:25" time="1.021" tests="5">
    <testcase classname="MapView Component renders without crashing" name="MapView Component renders without crashing" time="0.051">
    </testcase>
    <testcase classname="MapView Component initializes map container" name="MapView Component initializes map container" time="0.029">
    </testcase>
    <testcase classname="MapView Component handles map initialization errors gracefully" name="MapView Component handles map initialization errors gracefully" time="0.02">
    </testcase>
    <testcase classname="MapView Component cleans up map on unmount" name="MapView Component cleans up map on unmount" time="0.009">
    </testcase>
    <testcase classname="MapView Component keeps the static cyclone track hidden when animated cyclone data is toggled off" name="MapView Component keeps the static cyclone track hidden when animated cyclone data is toggled off" time="0.015">
    </testcase>
  </testsuite>
  <testsuite name="Cache Utility" errors="0" failures="0" skipped="7" timestamp="2026-04-09T13:40:25" time="1.282" tests="7">
    <testcase classname="Cache Utility stores and retrieves values" name="Cache Utility stores and retrieves values" time="0">
      <skipped/>
    </testcase>
    <testcase classname="Cache Utility returns null for non-existent keys" name="Cache Utility returns null for non-existent keys" time="0">
      <skipped/>
    </testcase>
    <testcase classname="Cache Utility handles cache expiration" name="Cache Utility handles cache expiration" time="0">
      <skipped/>
    </testcase>
    <testcase classname="Cache Utility deletes specific cache entries" name="Cache Utility deletes specific cache entries" time="0">
      <skipped/>
    </testcase>
    <testcase classname="Cache Utility checks if key exists" name="Cache Utility checks if key exists" time="0">
      <skipped/>
    </testcase>
    <testcase classname="Cache Utility deletes keys by pattern" name="Cache Utility deletes keys by pattern" time="0">
      <skipped/>
    </testcase>
    <testcase classname="Cache Utility handles complex objects" name="Cache Utility handles complex objects" time="0">
      <skipped/>
    </testcase>
  </testsuite>
  <testsuite name="SearchableEventSelector" errors="0" failures="0" skipped="0" timestamp="2026-04-09T13:40:25" time="1.34" tests="8">
    <testcase classname="SearchableEventSelector renders all events when search is empty" name="SearchableEventSelector renders all events when search is empty" time="0.102">
    </testcase>
    <testcase classname="SearchableEventSelector filters events by name when search query is entered" name="SearchableEventSelector filters events by name when search query is entered" time="0.134">
    </testcase>
    <testcase classname="SearchableEventSelector filters events by district name" name="SearchableEventSelector filters events by district name" time="0.049">
    </testcase>
    <testcase classname="SearchableEventSelector shows no results message on non-matching search" name="SearchableEventSelector shows no results message on non-matching search" time="0.055">
    </testcase>
    <testcase classname="SearchableEventSelector calls onToggleEvent with the event id when an event checkbox is changed" name="SearchableEventSelector calls onToggleEvent with the event id when an event checkbox is changed" time="0.092">
    </testcase>
    <testcase classname="SearchableEventSelector calls onSelectAll when &quot;Select all&quot; button is clicked" name="SearchableEventSelector calls onSelectAll when &quot;Select all&quot; button is clicked" time="0.037">
    </testcase>
    <testcase classname="SearchableEventSelector calls onClearAll when &quot;Clear selection&quot; button is clicked" name="SearchableEventSelector calls onClearAll when &quot;Clear selection&quot; button is clicked" time="0.013">
    </testcase>
    <testcase classname="SearchableEventSelector renders correctly with empty event list" name="SearchableEventSelector renders correctly with empty event list" time="0.009">
    </testcase>
  </testsuite>
  <testsuite name="Accordion" errors="0" failures="0" skipped="0" timestamp="2026-04-09T13:40:25" time="1.4" tests="21">
    <testcase classname="Accordion renders the title" name="Accordion renders the title" time="0.084">
    </testcase>
    <testcase classname="Accordion hides content by default (defaultOpen=false)" name="Accordion hides content by default (defaultOpen=false)" time="0.014">
    </testcase>
    <testcase classname="Accordion shows content when defaultOpen is true" name="Accordion shows content when defaultOpen is true" time="0.008">
    </testcase>
    <testcase classname="Accordion renders children content" name="Accordion renders children content" time="0.008">
    </testcase>
    <testcase classname="Accordion renders a badge when provided" name="Accordion renders a badge when provided" time="0.019">
    </testcase>
    <testcase classname="Accordion renders a string badge" name="Accordion renders a string badge" time="0.007">
    </testcase>
    <testcase classname="Toast renders the message" name="Toast renders the message" time="0.011">
    </testcase>
    <testcase classname="Toast renders as an alert region" name="Toast renders as an alert region" time="0.071">
    </testcase>
    <testcase classname="Toast calls onClose after the default duration (5000ms)" name="Toast calls onClose after the default duration (5000ms)" time="0.009">
    </testcase>
    <testcase classname="Toast calls onClose after a custom duration" name="Toast calls onClose after a custom duration" time="0.007">
    </testcase>
    <testcase classname="Toast does NOT auto-dismiss when duration is 0" name="Toast does NOT auto-dismiss when duration is 0" time="0.006">
    </testcase>
    <testcase classname="Toast renders with success type" name="Toast renders with success type" time="0.012">
    </testcase>
    <testcase classname="Toast renders with warning type" name="Toast renders with warning type" time="0.02">
    </testcase>
    <testcase classname="Toast renders an action button when action prop is provided" name="Toast renders an action button when action prop is provided" time="0.078">
    </testcase>
    <testcase classname="MetricTooltip renders the trigger button" name="MetricTooltip renders the trigger button" time="0.037">
    </testcase>
    <testcase classname="MetricTooltip tooltip content is not visible before hover/click" name="MetricTooltip tooltip content is not visible before hover/click" time="0.011">
    </testcase>
    <testcase classname="MetricTooltip shows tooltip content after clicking the trigger" name="MetricTooltip shows tooltip content after clicking the trigger" time="0.063">
    </testcase>
    <testcase classname="MetricTooltip shows tooltip content on mouse enter" name="MetricTooltip shows tooltip content on mouse enter" time="0.022">
    </testcase>
    <testcase classname="MetricTooltip hides tooltip on mouse leave" name="MetricTooltip hides tooltip on mouse leave" time="0.039">
    </testcase>
    <testcase classname="MetricTooltip renders the classification badge when provided" name="MetricTooltip renders the classification badge when provided" time="0.018">
    </testcase>
    <testcase classname="MetricTooltip does not render classification when omitted" name="MetricTooltip does not render classification when omitted" time="0.016">
    </testcase>
  </testsuite>
  <testsuite name="CycloneAnimationLayer" errors="0" failures="0" skipped="0" timestamp="2026-04-09T13:40:25" time="1.735" tests="5">
    <testcase classname="CycloneAnimationLayer renders without crashing when forecastTrack is null" name="CycloneAnimationLayer renders without crashing when forecastTrack is null" time="0.047">
    </testcase>
    <testcase classname="CycloneAnimationLayer renders without crashing with a valid forecastTrack" name="CycloneAnimationLayer renders without crashing with a valid forecastTrack" time="0.371">
    </testcase>
    <testcase classname="CycloneAnimationLayer calls onClose when close button is clicked" name="CycloneAnimationLayer calls onClose when close button is clicked" time="0.129">
    </testcase>
    <testcase classname="CycloneAnimationLayer calls onPlayingChange when play state changes externally" name="CycloneAnimationLayer calls onPlayingChange when play state changes externally" time="0.091">
    </testcase>
    <testcase classname="CycloneAnimationLayer builds continuous track geometry across the antimeridian" name="CycloneAnimationLayer builds continuous track geometry across the antimeridian" time="0.084">
    </testcase>
  </testsuite>
  <testsuite name="CycloneStoryOverlay playback" errors="0" failures="0" skipped="0" timestamp="2026-04-09T13:40:25" time="1.799" tests="3">
    <testcase classname="CycloneStoryOverlay playback clears timers when paused" name="CycloneStoryOverlay playback clears timers when paused" time="0.609">
    </testcase>
    <testcase classname="CycloneStoryOverlay playback cleans up and reschedules on dependency changes" name="CycloneStoryOverlay playback cleans up and reschedules on dependency changes" time="0.144">
    </testcase>
    <testcase classname="CycloneStoryOverlay playback clears timers on unmount" name="CycloneStoryOverlay playback clears timers on unmount" time="0.122">
    </testcase>
  </testsuite>
  <testsuite name="ErrorBoundary" errors="0" failures="0" skipped="1" timestamp="2026-04-09T13:40:27" time="0.406" tests="4">
    <testcase classname="ErrorBoundary renders children when there is no error" name="ErrorBoundary renders children when there is no error" time="0.022">
    </testcase>
    <testcase classname="ErrorBoundary renders error UI when child component throws" name="ErrorBoundary renders error UI when child component throws" time="0.075">
    </testcase>
    <testcase classname="ErrorBoundary can reset error boundary" name="ErrorBoundary can reset error boundary" time="0">
      <skipped/>
    </testcase>
    <testcase classname="ErrorBoundary calls onError callback when error occurs" name="ErrorBoundary calls onError callback when error occurs" time="0.024">
    </testcase>
  </testsuite>
  <testsuite name="UnifiedMapLegend" errors="0" failures="0" skipped="0" timestamp="2026-04-09T13:40:26" time="0.655" tests="9">
    <testcase classname="UnifiedMapLegend renders nothing when visible is false" name="UnifiedMapLegend renders nothing when visible is false" time="0.034">
    </testcase>
    <testcase classname="UnifiedMapLegend still renders when hasSelection is true" name="UnifiedMapLegend still renders when hasSelection is true" time="0.081">
    </testcase>
    <testcase classname="UnifiedMapLegend renders the legend region when visible and no selection" name="UnifiedMapLegend renders the legend region when visible and no selection" time="0.014">
    </testcase>
    <testcase classname="UnifiedMapLegend expand/collapse toggle is present" name="UnifiedMapLegend expand/collapse toggle is present" time="0.036">
    </testcase>
    <testcase classname="UnifiedMapLegend clicking the toggle button expands the legend" name="UnifiedMapLegend clicking the toggle button expands the legend" time="0.037">
    </testcase>
    <testcase classname="UnifiedMapLegend clicking the toggle button a second time collapses the legend" name="UnifiedMapLegend clicking the toggle button a second time collapses the legend" time="0.054">
    </testcase>
    <testcase classname="UnifiedMapLegend renders in wind mode without crashing" name="UnifiedMapLegend renders in wind mode without crashing" time="0.017">
    </testcase>
    <testcase classname="UnifiedMapLegend shows building damage rows when showBuildings is true and expanded" name="UnifiedMapLegend shows building damage rows when showBuildings is true and expanded" time="0.067">
    </testcase>
    <testcase classname="UnifiedMapLegend shows road damage rows when showRoads is true and expanded" name="UnifiedMapLegend shows road damage rows when showRoads is true and expanded" time="0.047">
    </testcase>
  </testsuite>
  <testsuite name="SummaryPanel Component" errors="0" failures="0" skipped="0" timestamp="2026-04-09T13:40:26" time="0.723" tests="5">
    <testcase classname="SummaryPanel Component renders summary panel" name="SummaryPanel Component renders summary panel" time="0.187">
    </testcase>
    <testcase classname="SummaryPanel Component displays key metrics" name="SummaryPanel Component displays key metrics" time="0.034">
    </testcase>
    <testcase classname="SummaryPanel Component handles missing data gracefully" name="SummaryPanel Component handles missing data gracefully" time="0.008">
    </testcase>
    <testcase classname="SummaryPanel Component formats large numbers correctly" name="SummaryPanel Component formats large numbers correctly" time="0.038">
    </testcase>
    <testcase classname="SummaryPanel Component updates when data prop changes" name="SummaryPanel Component updates when data prop changes" time="0.023">
    </testcase>
  </testsuite>
  <testsuite name="BottomTabs" errors="0" failures="0" skipped="0" timestamp="2026-04-09T13:40:26" time="0.716" tests="6">
    <testcase classname="BottomTabs renders without crashing" name="BottomTabs renders without crashing" time="0.025">
    </testcase>
    <testcase classname="BottomTabs renders the Impact tab as the default active tab" name="BottomTabs renders the Impact tab as the default active tab" time="0.129">
    </testcase>
    <testcase classname="BottomTabs renders all expected tabs" name="BottomTabs renders all expected tabs" time="0.057">
    </testcase>
    <testcase classname="BottomTabs switching to Exposure tab changes active tab styling" name="BottomTabs switching to Exposure tab changes active tab styling" time="0.084">
    </testcase>
    <testcase classname="BottomTabs switching tabs does not crash" name="BottomTabs switching tabs does not crash" time="0.058">
    </testcase>
    <testcase classname="BottomTabs calls onRequestDamageData when buildings data is missing and buildings tab is clicked" name="BottomTabs calls onRequestDamageData when buildings data is missing and buildings tab is clicked" time="0.043">
    </testcase>
  </testsuite>
  <testsuite name="ActiveFilters" errors="0" failures="0" skipped="0" timestamp="2026-04-09T13:40:26" time="0.681" tests="4">
    <testcase classname="ActiveFilters shows no-active-filters state when empty" name="ActiveFilters shows no-active-filters state when empty" time="0.063">
    </testcase>
    <testcase classname="ActiveFilters renders normalized hazard chip and clears using original selected hazard id" name="ActiveFilters renders normalized hazard chip and clears using original selected hazard id" time="0.189">
    </testcase>
    <testcase classname="ActiveFilters renders fallback chip for unknown hazard ids and keeps it removable" name="ActiveFilters renders fallback chip for unknown hazard ids and keeps it removable" time="0.049">
    </testcase>
    <testcase classname="ActiveFilters clears all filters from clear all button" name="ActiveFilters clears all filters from clear all button" time="0.039">
    </testcase>
  </testsuite>
  <testsuite name="BuildingsTable" errors="0" failures="0" skipped="0" timestamp="2026-04-09T13:40:27" time="0.591" tests="7">
    <testcase classname="BuildingsTable renders empty state when data is null" name="BuildingsTable renders empty state when data is null" time="0.021">
    </testcase>
    <testcase classname="BuildingsTable renders empty state when feature collection has no matching buildings" name="BuildingsTable renders empty state when feature collection has no matching buildings" time="0.006">
    </testcase>
    <testcase classname="BuildingsTable renders the correct building count" name="BuildingsTable renders the correct building count" time="0.089">
    </testcase>
    <testcase classname="BuildingsTable renders region names from the GeoJSON" name="BuildingsTable renders region names from the GeoJSON" time="0.035">
    </testcase>
    <testcase classname="BuildingsTable renders building type from properties" name="BuildingsTable renders building type from properties" time="0.061">
    </testcase>
    <testcase classname="BuildingsTable column header click does not throw" name="BuildingsTable column header click does not throw" time="0.111">
    </testcase>
    <testcase classname="BuildingsTable calls onZoom when a zoom/location button is clicked" name="BuildingsTable calls onZoom when a zoom/location button is clicked" time="0.057">
    </testcase>
  </testsuite>
  <testsuite name="Legend Validation Utilities" errors="0" failures="0" skipped="0" timestamp="2026-04-09T13:40:27" time="0.249" tests="28">
    <testcase classname="Legend Validation Utilities validateThresholdOrder validates correct ordering" name="Legend Validation Utilities validateThresholdOrder validates correct ordering" time="0.002">
    </testcase>
    <testcase classname="Legend Validation Utilities validateThresholdOrder rejects value less than previous threshold" name="Legend Validation Utilities validateThresholdOrder rejects value less than previous threshold" time="0.002">
    </testcase>
    <testcase classname="Legend Validation Utilities validateThresholdOrder rejects value greater than next threshold" name="Legend Validation Utilities validateThresholdOrder rejects value greater than next threshold" time="0.001">
    </testcase>
    <testcase classname="Legend Validation Utilities validateThresholdOrder allows any value for first threshold" name="Legend Validation Utilities validateThresholdOrder allows any value for first threshold" time="0.001">
    </testcase>
    <testcase classname="Legend Validation Utilities validateThresholdOrder handles Infinity in adjacent thresholds" name="Legend Validation Utilities validateThresholdOrder handles Infinity in adjacent thresholds" time="0.002">
    </testcase>
    <testcase classname="Legend Validation Utilities validateLabelFormat rejects empty labels" name="Legend Validation Utilities validateLabelFormat rejects empty labels" time="0.002">
    </testcase>
    <testcase classname="Legend Validation Utilities validateLabelFormat warns about missing currency symbol for loss" name="Legend Validation Utilities validateLabelFormat warns about missing currency symbol for loss" time="0.001">
    </testcase>
    <testcase classname="Legend Validation Utilities validateLabelFormat accepts properly formatted loss labels" name="Legend Validation Utilities validateLabelFormat accepts properly formatted loss labels" time="0.001">
    </testcase>
    <testcase classname="Legend Validation Utilities validateLabelFormat warns about missing units for wind" name="Legend Validation Utilities validateLabelFormat warns about missing units for wind" time="0.003">
    </testcase>
    <testcase classname="Legend Validation Utilities validateLabelFormat accepts wind labels with km/h" name="Legend Validation Utilities validateLabelFormat accepts wind labels with km/h" time="0.001">
    </testcase>
    <testcase classname="Legend Validation Utilities validateLabelFormat accepts wind labels with mph" name="Legend Validation Utilities validateLabelFormat accepts wind labels with mph" time="0.001">
    </testcase>
    <testcase classname="Legend Validation Utilities validateThresholdArray rejects empty arrays" name="Legend Validation Utilities validateThresholdArray rejects empty arrays" time="0.001">
    </testcase>
    <testcase classname="Legend Validation Utilities validateThresholdArray rejects duplicate values" name="Legend Validation Utilities validateThresholdArray rejects duplicate values" time="0.001">
    </testcase>
    <testcase classname="Legend Validation Utilities validateThresholdArray validates correct ordering across entire array" name="Legend Validation Utilities validateThresholdArray validates correct ordering across entire array" time="0.001">
    </testcase>
    <testcase classname="Legend Validation Utilities validateThresholdArray rejects unordered arrays" name="Legend Validation Utilities validateThresholdArray rejects unordered arrays" time="0.002">
    </testcase>
    <testcase classname="Legend Validation Utilities suggestLabel suggests loss label for finite range" name="Legend Validation Utilities suggestLabel suggests loss label for finite range" time="0.001">
    </testcase>
    <testcase classname="Legend Validation Utilities suggestLabel suggests loss label for infinite range" name="Legend Validation Utilities suggestLabel suggests loss label for infinite range" time="0.001">
    </testcase>
    <testcase classname="Legend Validation Utilities suggestLabel suggests wind label for finite range" name="Legend Validation Utilities suggestLabel suggests wind label for finite range" time="0.001">
    </testcase>
    <testcase classname="Legend Validation Utilities suggestLabel suggests wind label for infinite range" name="Legend Validation Utilities suggestLabel suggests wind label for infinite range" time="0.001">
    </testcase>
    <testcase classname="Legend Validation Utilities parseValueFromLabel parses millions" name="Legend Validation Utilities parseValueFromLabel parses millions" time="0.001">
    </testcase>
    <testcase classname="Legend Validation Utilities parseValueFromLabel parses thousands" name="Legend Validation Utilities parseValueFromLabel parses thousands" time="0.001">
    </testcase>
    <testcase classname="Legend Validation Utilities parseValueFromLabel parses plain numbers" name="Legend Validation Utilities parseValueFromLabel parses plain numbers" time="0.001">
    </testcase>
    <testcase classname="Legend Validation Utilities parseValueFromLabel handles greater-than prefix" name="Legend Validation Utilities parseValueFromLabel handles greater-than prefix" time="0.001">
    </testcase>
    <testcase classname="Legend Validation Utilities parseValueFromLabel returns null for non-numeric strings" name="Legend Validation Utilities parseValueFromLabel returns null for non-numeric strings" time="0">
    </testcase>
    <testcase classname="Legend Validation Utilities CATEGORY_METADATA has metadata for all categories" name="Legend Validation Utilities CATEGORY_METADATA has metadata for all categories" time="0.026">
    </testcase>
    <testcase classname="Legend Validation Utilities CATEGORY_METADATA marks loss and wind as editable" name="Legend Validation Utilities CATEGORY_METADATA marks loss and wind as editable" time="0.003">
    </testcase>
    <testcase classname="Legend Validation Utilities CATEGORY_METADATA marks buildings and roads as non-editable" name="Legend Validation Utilities CATEGORY_METADATA marks buildings and roads as non-editable" time="0.001">
    </testcase>
    <testcase classname="Legend Validation Utilities CATEGORY_METADATA includes display names and units" name="Legend Validation Utilities CATEGORY_METADATA includes display names and units" time="0.001">
    </testcase>
  </testsuite>
  <testsuite name="Data Flow Integration Tests" errors="0" failures="0" skipped="0" timestamp="2026-04-09T13:40:27" time="0.217" tests="5">
    <testcase classname="Data Flow Integration Tests loads and displays dashboard data" name="Data Flow Integration Tests loads and displays dashboard data" time="0.004">
    </testcase>
    <testcase classname="Data Flow Integration Tests handles API errors gracefully" name="Data Flow Integration Tests handles API errors gracefully" time="0.001">
    </testcase>
    <testcase classname="Data Flow Integration Tests filters data across components" name="Data Flow Integration Tests filters data across components" time="0.002">
    </testcase>
    <testcase classname="Data Flow Integration Tests exports data in correct format" name="Data Flow Integration Tests exports data in correct format" time="0.001">
    </testcase>
    <testcase classname="Data Flow Integration Tests maintains state consistency across updates" name="Data Flow Integration Tests maintains state consistency across updates" time="0.001">
    </testcase>
  </testsuite>
  <testsuite name="useAssetTableData Hook" errors="0" failures="0" skipped="0" timestamp="2026-04-09T13:40:27" time="0.245" tests="5">
    <testcase classname="useAssetTableData Hook returns initial data structure" name="useAssetTableData Hook returns initial data structure" time="0.011">
    </testcase>
    <testcase classname="useAssetTableData Hook returns filtered data" name="useAssetTableData Hook returns filtered data" time="0.003">
    </testcase>
    <testcase classname="useAssetTableData Hook handles sorting" name="useAssetTableData Hook handles sorting" time="0.002">
    </testcase>
    <testcase classname="useAssetTableData Hook handles pagination" name="useAssetTableData Hook handles pagination" time="0.007">
    </testcase>
    <testcase classname="useAssetTableData Hook handles search filtering" name="useAssetTableData Hook handles search filtering" time="0.004">
    </testcase>
  </testsuite>
  <testsuite name="BasemapSwitcher" errors="0" failures="0" skipped="0" timestamp="2026-04-09T13:40:27" time="0.44" tests="5">
    <testcase classname="BasemapSwitcher renders three basemap buttons" name="BasemapSwitcher renders three basemap buttons" time="0.11">
    </testcase>
    <testcase classname="BasemapSwitcher renders Light, Detailed, and Dark options" name="BasemapSwitcher renders Light, Detailed, and Dark options" time="0.012">
    </testcase>
    <testcase classname="BasemapSwitcher calls onBasemapChange with the Voyager URL when Detailed is clicked" name="BasemapSwitcher calls onBasemapChange with the Voyager URL when Detailed is clicked" time="0.026">
    </testcase>
    <testcase classname="BasemapSwitcher calls onBasemapChange with the Dark URL when Dark is clicked" name="BasemapSwitcher calls onBasemapChange with the Dark URL when Dark is clicked" time="0.026">
    </testcase>
    <testcase classname="BasemapSwitcher highlights the currently active basemap button" name="BasemapSwitcher highlights the currently active basemap button" time="0.021">
    </testcase>
  </testsuite>
  <testsuite name="middleware auth parity" errors="0" failures="0" skipped="0" timestamp="2026-04-09T13:40:27" time="0.196" tests="4">
    <testcase classname="middleware auth parity redirects protected country routes to login when probe check fails" name="middleware auth parity redirects protected country routes to login when probe check fails" time="0.016">
    </testcase>
    <testcase classname="middleware auth parity allows protected route when probe check succeeds" name="middleware auth parity allows protected route when probe check succeeds" time="0.003">
    </testcase>
    <testcase classname="middleware auth parity blocks scoped protected api with 401 when probe fails" name="middleware auth parity blocks scoped protected api with 401 when probe fails" time="0.014">
    </testcase>
    <testcase classname="middleware auth parity returns 404 for tenant-country route mismatch" name="middleware auth parity returns 404 for tenant-country route mismatch" time="0.002">
    </testcase>
  </testsuite>
  <testsuite name="useCycloneTrackPlayback Hook" errors="0" failures="0" skipped="0" timestamp="2026-04-09T13:40:27" time="0.332" tests="8">
    <testcase classname="useCycloneTrackPlayback Hook initializes with default state" name="useCycloneTrackPlayback Hook initializes with default state" time="0.009">
    </testcase>
    <testcase classname="useCycloneTrackPlayback Hook starts playback" name="useCycloneTrackPlayback Hook starts playback" time="0.004">
    </testcase>
    <testcase classname="useCycloneTrackPlayback Hook pauses playback" name="useCycloneTrackPlayback Hook pauses playback" time="0.005">
    </testcase>
    <testcase classname="useCycloneTrackPlayback Hook resets playback to start" name="useCycloneTrackPlayback Hook resets playback to start" time="0.032">
    </testcase>
    <testcase classname="useCycloneTrackPlayback Hook advances to next position" name="useCycloneTrackPlayback Hook advances to next position" time="0.006">
    </testcase>
    <testcase classname="useCycloneTrackPlayback Hook goes back to previous position" name="useCycloneTrackPlayback Hook goes back to previous position" time="0.006">
    </testcase>
    <testcase classname="useCycloneTrackPlayback Hook stops at end when advancing manually with next()" name="useCycloneTrackPlayback Hook stops at end when advancing manually with next()" time="0.008">
    </testcase>
    <testcase classname="useCycloneTrackPlayback Hook provides playback controls" name="useCycloneTrackPlayback Hook provides playback controls" time="0.029">
    </testcase>
  </testsuite>
  <testsuite name="checkSlidingWindowRateLimit (security)" errors="0" failures="0" skipped="0" timestamp="2026-04-09T13:40:27" time="0.166" tests="3">
    <testcase classname="checkSlidingWindowRateLimit (security) uses Redis strategy when cache is connected" name="checkSlidingWindowRateLimit (security) uses Redis strategy when cache is connected" time="0.003">
    </testcase>
    <testcase classname="checkSlidingWindowRateLimit (security) blocks with Retry-After when Redis lock key exists" name="checkSlidingWindowRateLimit (security) blocks with Retry-After when Redis lock key exists" time="0.002">
    </testcase>
    <testcase classname="checkSlidingWindowRateLimit (security) falls back to in-memory strategy when Redis is unavailable" name="checkSlidingWindowRateLimit (security) falls back to in-memory strategy when Redis is unavailable" time="0.001">
    </testcase>
  </testsuite>
  <testsuite name="MapStyleToggle" errors="0" failures="0" skipped="0" timestamp="2026-04-09T13:40:27" time="0.366" tests="5">
    <testcase classname="MapStyleToggle renders both style buttons" name="MapStyleToggle renders both style buttons" time="0.021">
    </testcase>
    <testcase classname="MapStyleToggle calls onStyleChange with &quot;wind&quot; when Wind Hazard is clicked" name="MapStyleToggle calls onStyleChange with &quot;wind&quot; when Wind Hazard is clicked" time="0.014">
    </testcase>
    <testcase classname="MapStyleToggle calls onStyleChange with &quot;loss&quot; when Economic Loss is clicked" name="MapStyleToggle calls onStyleChange with &quot;loss&quot; when Economic Loss is clicked" time="0.006">
    </testcase>
    <testcase classname="MapStyleToggle highlights the active button (loss mode)" name="MapStyleToggle highlights the active button (loss mode)" time="0.009">
    </testcase>
    <testcase classname="MapStyleToggle highlights the active button (wind mode)" name="MapStyleToggle highlights the active button (wind mode)" time="0.014">
    </testcase>
  </testsuite>
  <testsuite name="ensureCountryApiAccessEnhanced" errors="0" failures="0" skipped="0" timestamp="2026-04-09T13:40:27" time="0.222" tests="5">
    <testcase classname="ensureCountryApiAccessEnhanced denies when cookie is missing" name="ensureCountryApiAccessEnhanced denies when cookie is missing" time="0.002">
    </testcase>
    <testcase classname="ensureCountryApiAccessEnhanced denies revoked sessions even if signature is valid" name="ensureCountryApiAccessEnhanced denies revoked sessions even if signature is valid" time="0.001">
    </testcase>
    <testcase classname="ensureCountryApiAccessEnhanced denies stale session version tokens" name="ensureCountryApiAccessEnhanced denies stale session version tokens" time="0.001">
    </testcase>
    <testcase classname="ensureCountryApiAccessEnhanced returns null when token passes all checks" name="ensureCountryApiAccessEnhanced returns null when token passes all checks" time="0.001">
    </testcase>
    <testcase classname="ensureCountryApiAccessEnhanced returns 503 when country auth is misconfigured" name="ensureCountryApiAccessEnhanced returns 503 when country auth is misconfigured" time="0.001">
    </testcase>
  </testsuite>
  <testsuite name="security config validation" errors="0" failures="0" skipped="0" timestamp="2026-04-09T13:40:27" time="0.165" tests="3">
    <testcase classname="security config validation throws when protected countries are configured without auth secret" name="security config validation throws when protected countries are configured without auth secret" time="0.011">
    </testcase>
    <testcase classname="security config validation throws when REDIS_URL is invalid and distributed auth is required" name="security config validation throws when REDIS_URL is invalid and distributed auth is required" time="0.001">
    </testcase>
    <testcase classname="security config validation passes with valid production security config" name="security config validation passes with valid production security config" time="0.001">
    </testcase>
  </testsuite>
  <testsuite name="aggregateEventsByLevel" errors="0" failures="0" skipped="0" timestamp="2026-04-09T13:40:27" time="0.116" tests="2">
    <testcase classname="aggregateEventsByLevel falls back to province grouping from event data when province metadata is unavailable" name="aggregateEventsByLevel falls back to province grouping from event data when province metadata is unavailable" time="0.007">
    </testcase>
    <testcase classname="aggregateEventsByLevel falls back to district grouping from regional impact names when district metadata is unavailable" name="aggregateEventsByLevel falls back to district grouping from regional impact names when district metadata is unavailable" time="0">
    </testcase>
  </testsuite>
  <testsuite name="MapControls" errors="0" failures="0" skipped="0" timestamp="2026-04-09T13:40:25" time="2.292" tests="9">
    <testcase classname="MapControls renders map controls toggle" name="MapControls renders map controls toggle" time="0.118">
    </testcase>
    <testcase classname="MapControls shows quick shading controls without opening map tools" name="MapControls shows quick shading controls without opening map tools" time="0.124">
    </testcase>
    <testcase classname="MapControls announces pressed state and calls onMapStyleChange for display mode buttons" name="MapControls announces pressed state and calls onMapStyleChange for display mode buttons" time="0.258">
    </testcase>
    <testcase classname="MapControls does not auto-enable wind overlay when switching to wind display mode" name="MapControls does not auto-enable wind overlay when switching to wind display mode" time="0.103">
    </testcase>
    <testcase classname="MapControls keeps basemap selection out of map controls" name="MapControls keeps basemap selection out of map controls" time="0.04">
    </testcase>
    <testcase classname="MapControls disables actionable controls while loading" name="MapControls disables actionable controls while loading" time="0.367">
    </testcase>
    <testcase classname="MapControls shows overlay controls inside layer accordions" name="MapControls shows overlay controls inside layer accordions" time="0.228">
    </testcase>
    <testcase classname="MapControls exposes opacity slider semantic values" name="MapControls exposes opacity slider semantic values" time="0.055">
    </testcase>
    <testcase classname="MapControls renders the map download action when provided" name="MapControls renders the map download action when provided" time="0.039">
    </testcase>
  </testsuite>
  <testsuite name="ExportButtons Component" errors="0" failures="0" skipped="0" timestamp="2026-04-09T13:40:25" time="2.469" tests="9">
    <testcase classname="ExportButtons Component renders PDF and CSV export buttons" name="ExportButtons Component renders PDF and CSV export buttons" time="0.258">
    </testcase>
    <testcase classname="ExportButtons Component disables export when no data available" name="ExportButtons Component disables export when no data available" time="0.045">
    </testcase>
    <testcase classname="ExportButtons Component generates and saves a PDF report" name="ExportButtons Component generates and saves a PDF report" time="0.294">
    </testcase>
    <testcase classname="ExportButtons Component adds map image when map canvas is available" name="ExportButtons Component adds map image when map canvas is available" time="0.167">
    </testcase>
    <testcase classname="ExportButtons Component prevents duplicate PDF exports while one is in progress" name="ExportButtons Component prevents duplicate PDF exports while one is in progress" time="0.029">
    </testcase>
    <testcase classname="ExportButtons Component shows an error when PDF generation fails" name="ExportButtons Component shows an error when PDF generation fails" time="0.242">
    </testcase>
    <testcase classname="ExportButtons Component falls back cleanly when only the first template asset loads" name="ExportButtons Component falls back cleanly when only the first template asset loads" time="0.181">
    </testcase>
    <testcase classname="ExportButtons Component uses the page 1 template on the first page and the page 2 template on overflow pages" name="ExportButtons Component uses the page 1 template on the first page and the page 2 template on overflow pages" time="0.302">
    </testcase>
    <testcase classname="ExportButtons Component prefers impact-by-sector rows for damaged building counts in the PDF" name="ExportButtons Component prefers impact-by-sector rows for damaged building counts in the PDF" time="0.047">
    </testcase>
  </testsuite>
  <testsuite name="FilterPanel Component" errors="0" failures="0" skipped="0" timestamp="2026-04-09T13:40:25" time="2.582" tests="10">
    <testcase classname="FilterPanel Component renders the filter panel container" name="FilterPanel Component renders the filter panel container" time="0.224">
    </testcase>
    <testcase classname="FilterPanel Component displays hazard options sourced from the hazards prop" name="FilterPanel Component displays hazard options sourced from the hazards prop" time="0.511">
    </testcase>
    <testcase classname="FilterPanel Component displays sector options sourced from the sectors prop (sectors section is expanded by default)" name="FilterPanel Component displays sector options sourced from the sectors prop (sectors section is expanded by default)" time="0.113">
    </testcase>
    <testcase classname="FilterPanel Component calls onFilterChange with the checked hazard when a hazard checkbox is toggled on" name="FilterPanel Component calls onFilterChange with the checked hazard when a hazard checkbox is toggled on" time="0.214">
    </testcase>
    <testcase classname="FilterPanel Component calls onFilterChange with the hazard removed when a selected hazard is toggled off" name="FilterPanel Component calls onFilterChange with the hazard removed when a selected hazard is toggled off" time="0.275">
    </testcase>
    <testcase classname="FilterPanel Component calls onFilterChange with the checked sector when a sector radio is selected" name="FilterPanel Component calls onFilterChange with the checked sector when a sector radio is selected" time="0.069">
    </testcase>
    <testcase classname="FilterPanel Component calls onFilterChange with the new aggregation level when a radio is selected" name="FilterPanel Component calls onFilterChange with the new aggregation level when a radio is selected" time="0.116">
    </testcase>
    <testcase classname="FilterPanel Component resets filters to defaults when &quot;Clear all filters&quot; is clicked from a non-empty state" name="FilterPanel Component resets filters to defaults when &quot;Clear all filters&quot; is clicked from a non-empty state" time="0.061">
    </testcase>
    <testcase classname="FilterPanel Component auto-corrects the date range when the end date is set before the start date" name="FilterPanel Component auto-corrects the date range when the end date is set before the start date" time="0.023">
    </testcase>
    <testcase classname="FilterPanel Component keeps flood available when events use inundation hazard id" name="FilterPanel Component keeps flood available when events use inundation hazard id" time="0.067">
    </testcase>
  </testsuite>
</testsuites>